producer_class	xtools.gsea.GseaPreranked
producer_timestamp	1585259885104
param	rpt_label	my_analysis
param	rnd_seed	timestamp
param	set_min	15
param	zip_report	false
param	create_svgs	false
param	scoring_scheme	weighted
param	rnk	/home/bcp/Documents/bcb420/rankedList.rnk
param	norm	meandiv
param	out	/home/bcp/Documents/gsea_home/output/mar26
param	mode	Max_probe
param	include_only_symbols	true
param	help	false
param	set_max	500
param	gmx	/home/bcp/School/BCB420/Human_GO_AllPathways_with_GO_iea_February_01_2020_symbol.gmt
param	make_sets	true
param	plot_top_x	20
param	gui	false
param	nperm	1000
param	collapse	No_Collapse

file	/home/bcp/Documents/gsea_home/output/mar26/my_analysis.GseaPreranked.1585259885104/index.html
